Arguments: 
  /Users/samuel/.nvm/versions/node/v16.13.0/bin/node /usr/local/bin/yarn add typescript ts-node @types/node express @types/express ts-node-dev @types/ts-node-dev

PATH: 
  /Users/samuel/go/bin:/Users/samuel/.nvm/versions/node/v16.13.0/bin:/Users/samuel/.serverless/bin:/Users/samuel/opt/miniconda3/bin:/Users/samuel/opt/miniconda3/condabin:/opt/homebrew/bin:/usr/local/bin:/usr/bin:/bin:/usr/sbin:/sbin:/Applications/Postgres.app/Contents/Versions/latest/bin:/Users/samuel/Library/Android/sdk/emulator:/Users/samuel/Library/Android/sdk/tools:/Users/samuel/Library/Android/sdk/tools/bin:/Users/samuel/Library/Android/sdk/platform-tools

Yarn version: 
  1.22.10

Node version: 
  16.13.0

Platform: 
  darwin x64

Trace: 
  Error: https://registry.yarnpkg.com/@types%2fts-node-dev: Not found
      at Request.params.callback [as _callback] (/usr/local/lib/node_modules/yarn/lib/cli.js:66988:18)
      at Request.self.callback (/usr/local/lib/node_modules/yarn/lib/cli.js:140662:22)
      at Request.emit (node:events:390:28)
      at Request.<anonymous> (/usr/local/lib/node_modules/yarn/lib/cli.js:141634:10)
      at Request.emit (node:events:390:28)
      at IncomingMessage.<anonymous> (/usr/local/lib/node_modules/yarn/lib/cli.js:141556:12)
      at Object.onceWrapper (node:events:509:28)
      at IncomingMessage.emit (node:events:402:35)
      at endReadableNT (node:internal/streams/readable:1343:12)
      at processTicksAndRejections (node:internal/process/task_queues:83:21)

npm manifest: 
  No manifest

yarn manifest: 
  No manifest

Lockfile: 
  No lockfile
